{"uid":"c6a576ea175151a7","name":"The user is presented with error message for invalid code in Editor for Graph page","fullName":"src/test/resources/features/06_Stack.feature:49","historyId":"92e7b4e00be73365c9924ba04a070977","time":{"start":1703795265127,"stop":1703795265145,"duration":18},"status":"broken","statusMessage":"no such window: target window already closed\nfrom unknown error: web view not found\n  (Session info: chrome=120.0.6099.130)\nBuild info: version: '4.15.0', revision: '1d14b5521b'\nSystem info: os.name: 'Windows 11', os.arch: 'amd64', os.version: '10.0', java.version: '21.0.1'\nDriver info: org.openqa.selenium.chrome.ChromeDriver\nCommand: [ee3edfb067d899630259dbd652510a5a, get {url=https://dsportalapp.herokuapp.com/tryEditor}]\nCapabilities {acceptInsecureCerts: false, browserName: chrome, browserVersion: 120.0.6099.130, chrome: {chromedriverVersion: 120.0.6099.109 (3419140ab66..., userDataDir: C:\\Users\\hvlsa\\AppData\\Loca...}, fedcm:accounts: true, goog:chromeOptions: {debuggerAddress: localhost:60200}, networkConnectionEnabled: false, pageLoadStrategy: normal, platformName: windows, proxy: Proxy(), se:cdp: ws://localhost:60200/devtoo..., se:cdpVersion: 120.0.6099.130, setWindowRect: true, strictFileInteractability: false, timeouts: {implicit: 0, pageLoad: 300000, script: 30000}, unhandledPromptBehavior: dismiss and notify, webauthn:extension:credBlob: true, webauthn:extension:largeBlob: true, webauthn:extension:minPinLength: true, webauthn:extension:prf: true, webauthn:virtualAuthenticators: true}\nSession ID: ee3edfb067d899630259dbd652510a5a","statusTrace":"org.openqa.selenium.NoSuchWindowException: no such window: target window already closed\nfrom unknown error: web view not found\n  (Session info: chrome=120.0.6099.130)\nBuild info: version: '4.15.0', revision: '1d14b5521b'\nSystem info: os.name: 'Windows 11', os.arch: 'amd64', os.version: '10.0', java.version: '21.0.1'\nDriver info: org.openqa.selenium.chrome.ChromeDriver\nCommand: [ee3edfb067d899630259dbd652510a5a, get {url=https://dsportalapp.herokuapp.com/tryEditor}]\nCapabilities {acceptInsecureCerts: false, browserName: chrome, browserVersion: 120.0.6099.130, chrome: {chromedriverVersion: 120.0.6099.109 (3419140ab66..., userDataDir: C:\\Users\\hvlsa\\AppData\\Loca...}, fedcm:accounts: true, goog:chromeOptions: {debuggerAddress: localhost:60200}, networkConnectionEnabled: false, pageLoadStrategy: normal, platformName: windows, proxy: Proxy(), se:cdp: ws://localhost:60200/devtoo..., se:cdpVersion: 120.0.6099.130, setWindowRect: true, strictFileInteractability: false, timeouts: {implicit: 0, pageLoad: 300000, script: 30000}, unhandledPromptBehavior: dismiss and notify, webauthn:extension:credBlob: true, webauthn:extension:largeBlob: true, webauthn:extension:minPinLength: true, webauthn:extension:prf: true, webauthn:virtualAuthenticators: true}\nSession ID: ee3edfb067d899630259dbd652510a5a\r\n\tat java.base/jdk.internal.reflect.DirectConstructorHandleAccessor.newInstance(DirectConstructorHandleAccessor.java:62)\r\n\tat java.base/java.lang.reflect.Constructor.newInstanceWithCaller(Constructor.java:502)\r\n\tat java.base/java.lang.reflect.Constructor.newInstance(Constructor.java:486)\r\n\tat org.openqa.selenium.remote.codec.w3c.W3CHttpResponseCodec.createException(W3CHttpResponseCodec.java:200)\r\n\tat org.openqa.selenium.remote.codec.w3c.W3CHttpResponseCodec.decode(W3CHttpResponseCodec.java:133)\r\n\tat org.openqa.selenium.remote.codec.w3c.W3CHttpResponseCodec.decode(W3CHttpResponseCodec.java:52)\r\n\tat org.openqa.selenium.remote.HttpCommandExecutor.execute(HttpCommandExecutor.java:191)\r\n\tat org.openqa.selenium.remote.service.DriverCommandExecutor.invokeExecute(DriverCommandExecutor.java:200)\r\n\tat org.openqa.selenium.remote.service.DriverCommandExecutor.execute(DriverCommandExecutor.java:175)\r\n\tat org.openqa.selenium.remote.RemoteWebDriver.execute(RemoteWebDriver.java:607)\r\n\tat org.openqa.selenium.remote.RemoteWebDriver.get(RemoteWebDriver.java:309)\r\n\tat pageobjects.reusablePage.navigateTotryEditor(reusablePage.java:45)\r\n\tat stepdefinition.reusableSD.the_user_is_in_a_page_having_an_editor_with_a_run_button_to_test(reusableSD.java:75)\r\n\tat ✽.The user is in a page having an Editor with a Run button to test(file:///C:/Users/hvlsa/eclipse-workspace/DS_Algo_Project/src/test/resources/features/06_Stack.feature:42)\r\n","flaky":false,"newFailed":false,"newBroken":false,"newPassed":false,"retriesCount":0,"retriesStatusChange":false,"beforeStages":[{"name":"hooks.hooksForDS.scenario(io.cucumber.java.Scenario)","time":{"start":1703795265127,"stop":1703795265128,"duration":1},"status":"passed","steps":[],"attachments":[],"parameters":[],"stepsCount":0,"attachmentStep":false,"attachmentsCount":0,"shouldDisplayMessage":false,"hasContent":false}],"testStage":{"status":"broken","statusMessage":"no such window: target window already closed\nfrom unknown error: web view not found\n  (Session info: chrome=120.0.6099.130)\nBuild info: version: '4.15.0', revision: '1d14b5521b'\nSystem info: os.name: 'Windows 11', os.arch: 'amd64', os.version: '10.0', java.version: '21.0.1'\nDriver info: org.openqa.selenium.chrome.ChromeDriver\nCommand: [ee3edfb067d899630259dbd652510a5a, get {url=https://dsportalapp.herokuapp.com/tryEditor}]\nCapabilities {acceptInsecureCerts: false, browserName: chrome, browserVersion: 120.0.6099.130, chrome: {chromedriverVersion: 120.0.6099.109 (3419140ab66..., userDataDir: C:\\Users\\hvlsa\\AppData\\Loca...}, fedcm:accounts: true, goog:chromeOptions: {debuggerAddress: localhost:60200}, networkConnectionEnabled: false, pageLoadStrategy: normal, platformName: windows, proxy: Proxy(), se:cdp: ws://localhost:60200/devtoo..., se:cdpVersion: 120.0.6099.130, setWindowRect: true, strictFileInteractability: false, timeouts: {implicit: 0, pageLoad: 300000, script: 30000}, unhandledPromptBehavior: dismiss and notify, webauthn:extension:credBlob: true, webauthn:extension:largeBlob: true, webauthn:extension:minPinLength: true, webauthn:extension:prf: true, webauthn:virtualAuthenticators: true}\nSession ID: ee3edfb067d899630259dbd652510a5a","statusTrace":"org.openqa.selenium.NoSuchWindowException: no such window: target window already closed\nfrom unknown error: web view not found\n  (Session info: chrome=120.0.6099.130)\nBuild info: version: '4.15.0', revision: '1d14b5521b'\nSystem info: os.name: 'Windows 11', os.arch: 'amd64', os.version: '10.0', java.version: '21.0.1'\nDriver info: org.openqa.selenium.chrome.ChromeDriver\nCommand: [ee3edfb067d899630259dbd652510a5a, get {url=https://dsportalapp.herokuapp.com/tryEditor}]\nCapabilities {acceptInsecureCerts: false, browserName: chrome, browserVersion: 120.0.6099.130, chrome: {chromedriverVersion: 120.0.6099.109 (3419140ab66..., userDataDir: C:\\Users\\hvlsa\\AppData\\Loca...}, fedcm:accounts: true, goog:chromeOptions: {debuggerAddress: localhost:60200}, networkConnectionEnabled: false, pageLoadStrategy: normal, platformName: windows, proxy: Proxy(), se:cdp: ws://localhost:60200/devtoo..., se:cdpVersion: 120.0.6099.130, setWindowRect: true, strictFileInteractability: false, timeouts: {implicit: 0, pageLoad: 300000, script: 30000}, unhandledPromptBehavior: dismiss and notify, webauthn:extension:credBlob: true, webauthn:extension:largeBlob: true, webauthn:extension:minPinLength: true, webauthn:extension:prf: true, webauthn:virtualAuthenticators: true}\nSession ID: ee3edfb067d899630259dbd652510a5a\r\n\tat java.base/jdk.internal.reflect.DirectConstructorHandleAccessor.newInstance(DirectConstructorHandleAccessor.java:62)\r\n\tat java.base/java.lang.reflect.Constructor.newInstanceWithCaller(Constructor.java:502)\r\n\tat java.base/java.lang.reflect.Constructor.newInstance(Constructor.java:486)\r\n\tat org.openqa.selenium.remote.codec.w3c.W3CHttpResponseCodec.createException(W3CHttpResponseCodec.java:200)\r\n\tat org.openqa.selenium.remote.codec.w3c.W3CHttpResponseCodec.decode(W3CHttpResponseCodec.java:133)\r\n\tat org.openqa.selenium.remote.codec.w3c.W3CHttpResponseCodec.decode(W3CHttpResponseCodec.java:52)\r\n\tat org.openqa.selenium.remote.HttpCommandExecutor.execute(HttpCommandExecutor.java:191)\r\n\tat org.openqa.selenium.remote.service.DriverCommandExecutor.invokeExecute(DriverCommandExecutor.java:200)\r\n\tat org.openqa.selenium.remote.service.DriverCommandExecutor.execute(DriverCommandExecutor.java:175)\r\n\tat org.openqa.selenium.remote.RemoteWebDriver.execute(RemoteWebDriver.java:607)\r\n\tat org.openqa.selenium.remote.RemoteWebDriver.get(RemoteWebDriver.java:309)\r\n\tat pageobjects.reusablePage.navigateTotryEditor(reusablePage.java:45)\r\n\tat stepdefinition.reusableSD.the_user_is_in_a_page_having_an_editor_with_a_run_button_to_test(reusableSD.java:75)\r\n\tat ✽.The user is in a page having an Editor with a Run button to test(file:///C:/Users/hvlsa/eclipse-workspace/DS_Algo_Project/src/test/resources/features/06_Stack.feature:42)\r\n","steps":[{"name":"Given  The user is in a page having an Editor with a Run button to test","time":{"start":1703795265128,"stop":1703795265137,"duration":9},"status":"broken","statusMessage":"no such window: target window already closed\nfrom unknown error: web view not found\n  (Session info: chrome=120.0.6099.130)\nBuild info: version: '4.15.0', revision: '1d14b5521b'\nSystem info: os.name: 'Windows 11', os.arch: 'amd64', os.version: '10.0', java.version: '21.0.1'\nDriver info: org.openqa.selenium.chrome.ChromeDriver\nCommand: [ee3edfb067d899630259dbd652510a5a, get {url=https://dsportalapp.herokuapp.com/tryEditor}]\nCapabilities {acceptInsecureCerts: false, browserName: chrome, browserVersion: 120.0.6099.130, chrome: {chromedriverVersion: 120.0.6099.109 (3419140ab66..., userDataDir: C:\\Users\\hvlsa\\AppData\\Loca...}, fedcm:accounts: true, goog:chromeOptions: {debuggerAddress: localhost:60200}, networkConnectionEnabled: false, pageLoadStrategy: normal, platformName: windows, proxy: Proxy(), se:cdp: ws://localhost:60200/devtoo..., se:cdpVersion: 120.0.6099.130, setWindowRect: true, strictFileInteractability: false, timeouts: {implicit: 0, pageLoad: 300000, script: 30000}, unhandledPromptBehavior: dismiss and notify, webauthn:extension:credBlob: true, webauthn:extension:largeBlob: true, webauthn:extension:minPinLength: true, webauthn:extension:prf: true, webauthn:virtualAuthenticators: true}\nSession ID: ee3edfb067d899630259dbd652510a5a","statusTrace":"org.openqa.selenium.NoSuchWindowException: no such window: target window already closed\nfrom unknown error: web view not found\n  (Session info: chrome=120.0.6099.130)\nBuild info: version: '4.15.0', revision: '1d14b5521b'\nSystem info: os.name: 'Windows 11', os.arch: 'amd64', os.version: '10.0', java.version: '21.0.1'\nDriver info: org.openqa.selenium.chrome.ChromeDriver\nCommand: [ee3edfb067d899630259dbd652510a5a, get {url=https://dsportalapp.herokuapp.com/tryEditor}]\nCapabilities {acceptInsecureCerts: false, browserName: chrome, browserVersion: 120.0.6099.130, chrome: {chromedriverVersion: 120.0.6099.109 (3419140ab66..., userDataDir: C:\\Users\\hvlsa\\AppData\\Loca...}, fedcm:accounts: true, goog:chromeOptions: {debuggerAddress: localhost:60200}, networkConnectionEnabled: false, pageLoadStrategy: normal, platformName: windows, proxy: Proxy(), se:cdp: ws://localhost:60200/devtoo..., se:cdpVersion: 120.0.6099.130, setWindowRect: true, strictFileInteractability: false, timeouts: {implicit: 0, pageLoad: 300000, script: 30000}, unhandledPromptBehavior: dismiss and notify, webauthn:extension:credBlob: true, webauthn:extension:largeBlob: true, webauthn:extension:minPinLength: true, webauthn:extension:prf: true, webauthn:virtualAuthenticators: true}\nSession ID: ee3edfb067d899630259dbd652510a5a\r\n\tat java.base/jdk.internal.reflect.DirectConstructorHandleAccessor.newInstance(DirectConstructorHandleAccessor.java:62)\r\n\tat java.base/java.lang.reflect.Constructor.newInstanceWithCaller(Constructor.java:502)\r\n\tat java.base/java.lang.reflect.Constructor.newInstance(Constructor.java:486)\r\n\tat org.openqa.selenium.remote.codec.w3c.W3CHttpResponseCodec.createException(W3CHttpResponseCodec.java:200)\r\n\tat org.openqa.selenium.remote.codec.w3c.W3CHttpResponseCodec.decode(W3CHttpResponseCodec.java:133)\r\n\tat org.openqa.selenium.remote.codec.w3c.W3CHttpResponseCodec.decode(W3CHttpResponseCodec.java:52)\r\n\tat org.openqa.selenium.remote.HttpCommandExecutor.execute(HttpCommandExecutor.java:191)\r\n\tat org.openqa.selenium.remote.service.DriverCommandExecutor.invokeExecute(DriverCommandExecutor.java:200)\r\n\tat org.openqa.selenium.remote.service.DriverCommandExecutor.execute(DriverCommandExecutor.java:175)\r\n\tat org.openqa.selenium.remote.RemoteWebDriver.execute(RemoteWebDriver.java:607)\r\n\tat org.openqa.selenium.remote.RemoteWebDriver.get(RemoteWebDriver.java:309)\r\n\tat pageobjects.reusablePage.navigateTotryEditor(reusablePage.java:45)\r\n\tat stepdefinition.reusableSD.the_user_is_in_a_page_having_an_editor_with_a_run_button_to_test(reusableSD.java:75)\r\n\tat ✽.The user is in a page having an Editor with a Run button to test(file:///C:/Users/hvlsa/eclipse-workspace/DS_Algo_Project/src/test/resources/features/06_Stack.feature:42)\r\n","steps":[],"attachments":[],"parameters":[],"stepsCount":0,"attachmentStep":false,"attachmentsCount":0,"shouldDisplayMessage":true,"hasContent":true},{"name":"When  The user enters invalid python code in Editor from sheet \"pythonCode\" and 1","time":{"start":1703795265139,"stop":1703795265139,"duration":0},"status":"skipped","steps":[],"attachments":[],"parameters":[],"stepsCount":0,"attachmentStep":false,"attachmentsCount":0,"shouldDisplayMessage":false,"hasContent":false},{"name":"And  clicks run button","time":{"start":1703795265141,"stop":1703795265141,"duration":0},"status":"skipped","steps":[],"attachments":[],"parameters":[],"stepsCount":0,"attachmentStep":false,"attachmentsCount":0,"shouldDisplayMessage":false,"hasContent":false},{"name":"Then  The user gets an error message as \"NameError: name 'hello' is not defined on line 1\"","time":{"start":1703795265143,"stop":1703795265143,"duration":0},"status":"skipped","steps":[],"attachments":[],"parameters":[],"stepsCount":0,"attachmentStep":false,"attachmentsCount":0,"shouldDisplayMessage":false,"hasContent":false}],"attachments":[],"parameters":[],"stepsCount":4,"attachmentStep":false,"attachmentsCount":0,"shouldDisplayMessage":false,"hasContent":true},"afterStages":[{"name":"hooks.hooksForDS.afterstep(io.cucumber.java.Scenario)","time":{"start":1703795265138,"stop":1703795265139,"duration":1},"status":"broken","statusMessage":"AFTER_STEP is failed: Cannot invoke \"org.openqa.selenium.TakesScreenshot.getScreenshotAs(org.openqa.selenium.OutputType)\" because \"hooks.hooksForDS.driver\" is null","statusTrace":"java.lang.NullPointerException: Cannot invoke \"org.openqa.selenium.TakesScreenshot.getScreenshotAs(org.openqa.selenium.OutputType)\" because \"hooks.hooksForDS.driver\" is null\r\n\tat hooks.hooksForDS.afterstep(hooksForDS.java:48)\r\n","steps":[],"attachments":[],"parameters":[],"stepsCount":0,"attachmentStep":false,"attachmentsCount":0,"shouldDisplayMessage":true,"hasContent":true},{"name":"hooks.hooksForDS.afterstep(io.cucumber.java.Scenario)","time":{"start":1703795265140,"stop":1703795265140,"duration":0},"status":"skipped","statusMessage":"AFTER_STEP is failed.","steps":[],"attachments":[],"parameters":[],"stepsCount":0,"attachmentStep":false,"attachmentsCount":0,"shouldDisplayMessage":true,"hasContent":true},{"name":"hooks.hooksForDS.afterstep(io.cucumber.java.Scenario)","time":{"start":1703795265142,"stop":1703795265142,"duration":0},"status":"skipped","statusMessage":"AFTER_STEP is failed.","steps":[],"attachments":[],"parameters":[],"stepsCount":0,"attachmentStep":false,"attachmentsCount":0,"shouldDisplayMessage":true,"hasContent":true},{"name":"hooks.hooksForDS.afterstep(io.cucumber.java.Scenario)","time":{"start":1703795265143,"stop":1703795265143,"duration":0},"status":"skipped","statusMessage":"AFTER_STEP is failed.","steps":[],"attachments":[],"parameters":[],"stepsCount":0,"attachmentStep":false,"attachmentsCount":0,"shouldDisplayMessage":true,"hasContent":true}],"labels":[{"name":"tag","value":"Stack"},{"name":"tag","value":"TS_stack_06"},{"name":"host","value":"harika"},{"name":"thread","value":"17540@harika.TestNG-test=Surefire test-1(30)"},{"name":"feature","value":"Stack: Luanch the DS-Algo portal and test Stack module"},{"name":"story","value":"The user is presented with error message for invalid code in Editor for Graph page"},{"name":"suite","value":"Stack: Luanch the DS-Algo portal and test Stack module"},{"name":"testClass","value":"The user is presented with error message for invalid code in Editor for Graph page"},{"name":"framework","value":"cucumber4jvm"},{"name":"language","value":"java"},{"name":"gherkin_uri","value":"file:///C:/Users/hvlsa/eclipse-workspace/DS_Algo_Project/src/test/resources/features/06_Stack.feature"},{"name":"package","value":"src.test.resources.features.06_Stack_feature.Stack: Luanch the DS-Algo portal and test Stack module"},{"name":"resultFormat","value":"allure2"}],"parameters":[{"name":"RowNumber","value":"1"},{"name":"Sheetname","value":"pythonCode"}],"links":[],"hidden":true,"retry":true,"extra":{"categories":[],"tags":["TS_stack_06","Stack"]},"source":"c6a576ea175151a7.json","parameterValues":["1","pythonCode"]}